<?xml version="1.0" encoding="UTF-8"?>
<!-- Generated by org.testng.reporters.JUnitXMLReporter -->
<testsuite ignored="2" hostname="MSI" failures="1" tests="1" name="Listeners_Test" time="17.405" errors="0" timestamp="2021-09-06T09:56:27 IST">
  <testcase classname="testNG_basics.LaunchBrowserTest" name="getAttributeValue" time="0.098">
    <failure type="java.lang.ArithmeticException" message="/ by zero">
      <![CDATA[java.lang.ArithmeticException: / by zero
at testNG_basics.LaunchBrowserTest.getAttributeValue(LaunchBrowserTest.java:63)
at java.base/java.util.ArrayList.forEach(ArrayList.java:1540)
... Removed 27 stack frames]]>
    </failure>
  </testcase> <!-- getAttributeValue -->
  <testcase classname="testNG_basics.LaunchBrowserTest" name="getElementEnabled" time="0.0">
    <ignored/>
  </testcase> <!-- getElementEnabled -->
  <testcase classname="testNG_basics.LaunchBrowserTest" name="getTitle" time="0.0">
    <ignored/>
  </testcase> <!-- getTitle -->
</testsuite> <!-- Listeners_Test -->
