<?xml version="1.0" encoding="UTF-8"?>
<!-- Generated by org.testng.reporters.JUnitXMLReporter -->
<testsuite ignored="0" hostname="MSI" failures="0" tests="4" name="Default test" time="0.229" errors="0" timestamp="2021-08-30T12:16:59 IST">
  <testcase classname="testNG_basics.ListnersParallel" name="m1" time="0.004"/>
  <testcase classname="testNG_basics.ListnersParallel" name="m2" time="0.002"/>
  <testcase classname="testNG_basics.ListnersParallel" name="m3" time="0.001"/>
  <testcase classname="testNG_basics.ListnersParallel" name="m4" time="0.001"/>
</testsuite> <!-- Default test -->
