<?xml version="1.0" encoding="UTF-8"?>
<!-- Generated by org.testng.reporters.JUnitXMLReporter -->
<testsuite ignored="1" hostname="MSI" failures="0" tests="7" name="Test1" time="183.951" errors="0" timestamp="2021-08-30T12:30:31 IST">
  <testcase classname="testNG_basics.ListnersParallel" name="m1" time="0.059"/>
  <testcase classname="testNG_basics.ListnersParallel" name="m2" time="0.001"/>
  <testcase classname="testNG_basics.ListnersParallel" name="m3" time="0.001"/>
  <testcase classname="testNG_basics.ListnersParallel" name="m4" time="0.002"/>
  <testcase classname="testNG_basics.SampleTest" name="dataMethod1" time="0.02"/>
  <testcase classname="testNG_basics.SampleTest" name="dataMethod1" time="0.001"/>
  <testcase classname="testNG_basics.SampleTest" name="dataMethod1" time="0.001"/>
  <testcase classname="testNG_basics.SampleTest" name="hoverLogin" time="0.0">
    <ignored/>
  </testcase> <!-- hoverLogin -->
</testsuite> <!-- Test1 -->
