<?xml version="1.0" encoding="UTF-8"?>
<!-- Generated by org.testng.reporters.JUnitXMLReporter -->
<testsuite ignored="1" hostname="MSI" failures="0" tests="3" name="LoginTest" time="75.61" errors="0" timestamp="2021-08-30T01:08:53 IST">
  <testcase classname="testNG_basics.SampleTest" name="dataMethod1" time="0.014"/>
  <testcase classname="testNG_basics.SampleTest" name="dataMethod1" time="0.006"/>
  <testcase classname="testNG_basics.SampleTest" name="dataMethod1" time="0.002"/>
  <testcase classname="testNG_basics.SampleTest" name="hoverLogin" time="0.0">
    <ignored/>
  </testcase> <!-- hoverLogin -->
</testsuite> <!-- LoginTest -->
