<?xml version="1.0" encoding="UTF-8"?>
<testng-results ignored="0" total="3" passed="2" failed="1" skipped="0">
  <reporter-output>
  </reporter-output>
  <suite started-at="2021-09-06T03:42:04Z" name="Listeners_Suite" finished-at="2021-09-06T03:43:05Z" duration-ms="61327">
    <groups>
    </groups>
    <test started-at="2021-09-06T03:42:04Z" name="Listeners_Test" finished-at="2021-09-06T03:43:05Z" duration-ms="61327">
      <class name="testNG_basics.LaunchBrowserTest">
        <test-method is-config="true" signature="beforesuitLevel()[pri:0, instance:testNG_basics.LaunchBrowserTest@1e683a3e]" started-at="2021-09-06T03:42:04Z" name="beforesuitLevel" finished-at="2021-09-06T03:42:04Z" duration-ms="12" status="PASS">
          <reporter-output>
          </reporter-output>
        </test-method> <!-- beforesuitLevel -->
        <test-method is-config="true" signature="beforetestLevel()[pri:0, instance:testNG_basics.LaunchBrowserTest@1e683a3e]" started-at="2021-09-06T03:42:04Z" name="beforetestLevel" finished-at="2021-09-06T03:42:04Z" duration-ms="0" status="PASS">
          <reporter-output>
          </reporter-output>
        </test-method> <!-- beforetestLevel -->
        <test-method is-config="true" signature="classLevel()[pri:0, instance:testNG_basics.LaunchBrowserTest@1e683a3e]" started-at="2021-09-06T03:42:04Z" name="classLevel" finished-at="2021-09-06T03:42:04Z" duration-ms="0" status="PASS">
          <reporter-output>
          </reporter-output>
        </test-method> <!-- classLevel -->
        <test-method is-config="true" signature="launchBrowserTest()[pri:0, instance:testNG_basics.LaunchBrowserTest@1e683a3e]" started-at="2021-09-06T03:42:04Z" name="launchBrowserTest" finished-at="2021-09-06T03:42:14Z" duration-ms="10184" status="PASS">
          <reporter-output>
          </reporter-output>
        </test-method> <!-- launchBrowserTest -->
        <test-method signature="getAttributeValue()[pri:0, instance:testNG_basics.LaunchBrowserTest@1e683a3e]" started-at="2021-09-06T03:42:14Z" name="getAttributeValue" finished-at="2021-09-06T03:42:14Z" duration-ms="112" status="PASS">
          <reporter-output>
          </reporter-output>
        </test-method> <!-- getAttributeValue -->
        <test-method is-config="true" signature="tearDownafterMethodLevel()[pri:0, instance:testNG_basics.LaunchBrowserTest@1e683a3e]" started-at="2021-09-06T03:42:14Z" name="tearDownafterMethodLevel" finished-at="2021-09-06T03:42:19Z" duration-ms="4570" status="PASS">
          <reporter-output>
          </reporter-output>
        </test-method> <!-- tearDownafterMethodLevel -->
        <test-method is-config="true" signature="launchBrowserTest()[pri:0, instance:testNG_basics.LaunchBrowserTest@1e683a3e]" started-at="2021-09-06T03:42:19Z" name="launchBrowserTest" finished-at="2021-09-06T03:42:30Z" duration-ms="10860" status="PASS">
          <reporter-output>
          </reporter-output>
        </test-method> <!-- launchBrowserTest -->
        <test-method signature="getElementEnabled()[pri:0, instance:testNG_basics.LaunchBrowserTest@1e683a3e]" started-at="2021-09-06T03:42:30Z" name="getElementEnabled" finished-at="2021-09-06T03:42:45Z" duration-ms="15045" status="FAIL">
          <exception class="org.openqa.selenium.NoSuchElementException">
            <message>
              <![CDATA[Unable to locate element: Gail
For documentation on this error, please visit: https://www.seleniumhq.org/exceptions/no_such_element.html
Build info: version: '3.141.59', revision: 'e82be7d358', time: '2018-11-14T08:17:03'
System info: host: 'MSI', ip: '192.168.230.207', os.name: 'Windows 10', os.arch: 'amd64', os.version: '10.0', java.version: '12'
Driver info: org.openqa.selenium.firefox.FirefoxDriver
Capabilities {acceptInsecureCerts: true, browserName: firefox, browserVersion: 78.0.2, javascriptEnabled: true, moz:accessibilityChecks: false, moz:buildID: 20200708170202, moz:geckodriverVersion: 0.26.0, moz:headless: false, moz:processID: 38732, moz:profile: C:\Users\Aishwarya\AppData\..., moz:shutdownTimeout: 60000, moz:useNonSpecCompliantPointerOrigin: false, moz:webdriverClick: true, pageLoadStrategy: normal, platform: WINDOWS, platformName: WINDOWS, platformVersion: 10.0, rotatable: false, setWindowRect: true, strictFileInteractability: false, timeouts: {implicit: 0, pageLoad: 300000, script: 30000}, unhandledPromptBehavior: dismiss and notify}
Session ID: fa785635-ac30-44aa-8491-b9606386e490
*** Element info: {Using=link text, value=Gail}]]>
            </message>
            <full-stacktrace>
              <![CDATA[org.openqa.selenium.NoSuchElementException: Unable to locate element: Gail
For documentation on this error, please visit: https://www.seleniumhq.org/exceptions/no_such_element.html
Build info: version: '3.141.59', revision: 'e82be7d358', time: '2018-11-14T08:17:03'
System info: host: 'MSI', ip: '192.168.230.207', os.name: 'Windows 10', os.arch: 'amd64', os.version: '10.0', java.version: '12'
Driver info: org.openqa.selenium.firefox.FirefoxDriver
Capabilities {acceptInsecureCerts: true, browserName: firefox, browserVersion: 78.0.2, javascriptEnabled: true, moz:accessibilityChecks: false, moz:buildID: 20200708170202, moz:geckodriverVersion: 0.26.0, moz:headless: false, moz:processID: 38732, moz:profile: C:\Users\Aishwarya\AppData\..., moz:shutdownTimeout: 60000, moz:useNonSpecCompliantPointerOrigin: false, moz:webdriverClick: true, pageLoadStrategy: normal, platform: WINDOWS, platformName: WINDOWS, platformVersion: 10.0, rotatable: false, setWindowRect: true, strictFileInteractability: false, timeouts: {implicit: 0, pageLoad: 300000, script: 30000}, unhandledPromptBehavior: dismiss and notify}
Session ID: fa785635-ac30-44aa-8491-b9606386e490
*** Element info: {Using=link text, value=Gail}
at java.base/jdk.internal.reflect.NativeConstructorAccessorImpl.newInstance0(Native Method)
at java.base/jdk.internal.reflect.NativeConstructorAccessorImpl.newInstance(NativeConstructorAccessorImpl.java:62)
at java.base/jdk.internal.reflect.DelegatingConstructorAccessorImpl.newInstance(DelegatingConstructorAccessorImpl.java:45)
at java.base/java.lang.reflect.Constructor.newInstanceWithCaller(Constructor.java:500)
at java.base/java.lang.reflect.Constructor.newInstance(Constructor.java:481)
at org.openqa.selenium.remote.http.W3CHttpResponseCodec.createException(W3CHttpResponseCodec.java:187)
at org.openqa.selenium.remote.http.W3CHttpResponseCodec.decode(W3CHttpResponseCodec.java:122)
at org.openqa.selenium.remote.http.W3CHttpResponseCodec.decode(W3CHttpResponseCodec.java:49)
at org.openqa.selenium.remote.HttpCommandExecutor.execute(HttpCommandExecutor.java:158)
at org.openqa.selenium.remote.service.DriverCommandExecutor.execute(DriverCommandExecutor.java:83)
at org.openqa.selenium.remote.RemoteWebDriver.execute(RemoteWebDriver.java:552)
at org.openqa.selenium.remote.RemoteWebDriver.findElement(RemoteWebDriver.java:323)
at org.openqa.selenium.remote.RemoteWebDriver.findElementByLinkText(RemoteWebDriver.java:380)
at org.openqa.selenium.By$ByLinkText.findElement(By.java:220)
at org.openqa.selenium.remote.RemoteWebDriver.findElement(RemoteWebDriver.java:315)
at testNG_basics.LaunchBrowserTest.getElementEnabled(LaunchBrowserTest.java:67)
at java.base/jdk.internal.reflect.NativeMethodAccessorImpl.invoke0(Native Method)
at java.base/jdk.internal.reflect.NativeMethodAccessorImpl.invoke(NativeMethodAccessorImpl.java:62)
at java.base/jdk.internal.reflect.DelegatingMethodAccessorImpl.invoke(DelegatingMethodAccessorImpl.java:43)
at java.base/java.lang.reflect.Method.invoke(Method.java:567)
at org.testng.internal.MethodInvocationHelper.invokeMethod(MethodInvocationHelper.java:124)
at org.testng.internal.Invoker.invokeMethod(Invoker.java:583)
at org.testng.internal.Invoker.invokeTestMethod(Invoker.java:719)
at org.testng.internal.Invoker.invokeTestMethods(Invoker.java:989)
at org.testng.internal.TestMethodWorker.invokeTestMethods(TestMethodWorker.java:125)
at org.testng.internal.TestMethodWorker.run(TestMethodWorker.java:109)
at org.testng.TestRunner.privateRun(TestRunner.java:648)
at org.testng.TestRunner.run(TestRunner.java:505)
at org.testng.SuiteRunner.runTest(SuiteRunner.java:455)
at org.testng.SuiteRunner.runSequentially(SuiteRunner.java:450)
at org.testng.SuiteRunner.privateRun(SuiteRunner.java:415)
at org.testng.SuiteRunner.run(SuiteRunner.java:364)
at org.testng.SuiteRunnerWorker.runSuite(SuiteRunnerWorker.java:52)
at org.testng.SuiteRunnerWorker.run(SuiteRunnerWorker.java:84)
at org.testng.TestNG.runSuitesSequentially(TestNG.java:1208)
at org.testng.TestNG.runSuitesLocally(TestNG.java:1137)
at org.testng.TestNG.runSuites(TestNG.java:1049)
at org.testng.TestNG.run(TestNG.java:1017)
at org.apache.maven.surefire.testng.TestNGExecutor.run(TestNGExecutor.java:283)
at org.apache.maven.surefire.testng.TestNGXmlTestSuite.execute(TestNGXmlTestSuite.java:75)
at org.apache.maven.surefire.testng.TestNGProvider.invoke(TestNGProvider.java:120)
at org.apache.maven.surefire.booter.ForkedBooter.invokeProviderInSameClassLoader(ForkedBooter.java:383)
at org.apache.maven.surefire.booter.ForkedBooter.runSuitesInProcess(ForkedBooter.java:344)
at org.apache.maven.surefire.booter.ForkedBooter.execute(ForkedBooter.java:125)
at org.apache.maven.surefire.booter.ForkedBooter.main(ForkedBooter.java:417)
]]>
            </full-stacktrace>
          </exception> <!-- org.openqa.selenium.NoSuchElementException -->
          <reporter-output>
          </reporter-output>
        </test-method> <!-- getElementEnabled -->
        <test-method is-config="true" signature="tearDownafterMethodLevel()[pri:0, instance:testNG_basics.LaunchBrowserTest@1e683a3e]" started-at="2021-09-06T03:42:45Z" name="tearDownafterMethodLevel" finished-at="2021-09-06T03:42:50Z" duration-ms="5629" status="PASS">
          <reporter-output>
          </reporter-output>
        </test-method> <!-- tearDownafterMethodLevel -->
        <test-method is-config="true" signature="launchBrowserTest()[pri:0, instance:testNG_basics.LaunchBrowserTest@1e683a3e]" started-at="2021-09-06T03:42:50Z" name="launchBrowserTest" finished-at="2021-09-06T03:43:01Z" duration-ms="10774" status="PASS">
          <reporter-output>
          </reporter-output>
        </test-method> <!-- launchBrowserTest -->
        <test-method signature="getTitle()[pri:0, instance:testNG_basics.LaunchBrowserTest@1e683a3e]" started-at="2021-09-06T03:43:01Z" name="getTitle" finished-at="2021-09-06T03:43:01Z" duration-ms="29" status="PASS">
          <reporter-output>
          </reporter-output>
        </test-method> <!-- getTitle -->
        <test-method is-config="true" signature="tearDownafterMethodLevel()[pri:0, instance:testNG_basics.LaunchBrowserTest@1e683a3e]" started-at="2021-09-06T03:43:01Z" name="tearDownafterMethodLevel" finished-at="2021-09-06T03:43:05Z" duration-ms="4094" status="PASS">
          <reporter-output>
          </reporter-output>
        </test-method> <!-- tearDownafterMethodLevel -->
        <test-method is-config="true" signature="afterClassLevel()[pri:0, instance:testNG_basics.LaunchBrowserTest@1e683a3e]" started-at="2021-09-06T03:43:05Z" name="afterClassLevel" finished-at="2021-09-06T03:43:05Z" duration-ms="0" status="PASS">
          <reporter-output>
          </reporter-output>
        </test-method> <!-- afterClassLevel -->
        <test-method is-config="true" signature="afterTestLevel()[pri:0, instance:testNG_basics.LaunchBrowserTest@1e683a3e]" started-at="2021-09-06T03:43:05Z" name="afterTestLevel" finished-at="2021-09-06T03:43:05Z" duration-ms="0" status="PASS">
          <reporter-output>
          </reporter-output>
        </test-method> <!-- afterTestLevel -->
        <test-method is-config="true" signature="afterSuitLevel()[pri:0, instance:testNG_basics.LaunchBrowserTest@1e683a3e]" started-at="2021-09-06T03:43:05Z" name="afterSuitLevel" finished-at="2021-09-06T03:43:05Z" duration-ms="0" status="PASS">
          <reporter-output>
          </reporter-output>
        </test-method> <!-- afterSuitLevel -->
      </class> <!-- testNG_basics.LaunchBrowserTest -->
    </test> <!-- Listeners_Test -->
  </suite> <!-- Listeners_Suite -->
</testng-results>
