<?xml version="1.0" encoding="UTF-8"?>
<testng-results ignored="2" total="3" passed="0" failed="1" skipped="0">
  <reporter-output>
  </reporter-output>
  <suite started-at="2021-09-06T09:56:09 IST" name="Listeners_Suite" finished-at="2021-09-06T09:56:27 IST" duration-ms="17405">
    <groups>
    </groups>
    <test started-at="2021-09-06T09:56:09 IST" name="Listeners_Test" finished-at="2021-09-06T09:56:27 IST" duration-ms="17405">
      <class name="testNG_basics.LaunchBrowserTest">
        <test-method is-config="true" signature="beforesuitLevel()[pri:0, instance:testNG_basics.LaunchBrowserTest@48ae9b55]" started-at="2021-09-06T09:56:09 IST" name="beforesuitLevel" finished-at="2021-09-06T09:56:09 IST" duration-ms="8" status="PASS">
          <reporter-output>
          </reporter-output>
        </test-method> <!-- beforesuitLevel -->
        <test-method is-config="true" signature="beforetestLevel()[pri:0, instance:testNG_basics.LaunchBrowserTest@48ae9b55]" started-at="2021-09-06T09:56:09 IST" name="beforetestLevel" finished-at="2021-09-06T09:56:09 IST" duration-ms="1" status="PASS">
          <reporter-output>
          </reporter-output>
        </test-method> <!-- beforetestLevel -->
        <test-method is-config="true" signature="classLevel()[pri:0, instance:testNG_basics.LaunchBrowserTest@48ae9b55]" started-at="2021-09-06T09:56:10 IST" name="classLevel" finished-at="2021-09-06T09:56:10 IST" duration-ms="0" status="PASS">
          <reporter-output>
          </reporter-output>
        </test-method> <!-- classLevel -->
        <test-method is-config="true" signature="launchBrowserTest()[pri:0, instance:testNG_basics.LaunchBrowserTest@48ae9b55]" started-at="2021-09-06T09:56:10 IST" name="launchBrowserTest" finished-at="2021-09-06T09:56:22 IST" duration-ms="12359" status="PASS">
          <reporter-output>
          </reporter-output>
        </test-method> <!-- launchBrowserTest -->
        <test-method signature="getAttributeValue()[pri:0, instance:testNG_basics.LaunchBrowserTest@48ae9b55]" started-at="2021-09-06T09:56:22 IST" name="getAttributeValue" finished-at="2021-09-06T09:56:22 IST" duration-ms="98" status="FAIL">
          <exception class="java.lang.ArithmeticException">
            <message>
              <![CDATA[/ by zero]]>
            </message>
            <full-stacktrace>
              <![CDATA[java.lang.ArithmeticException: / by zero
at testNG_basics.LaunchBrowserTest.getAttributeValue(LaunchBrowserTest.java:63)
at java.base/jdk.internal.reflect.NativeMethodAccessorImpl.invoke0(Native Method)
at java.base/jdk.internal.reflect.NativeMethodAccessorImpl.invoke(NativeMethodAccessorImpl.java:62)
at java.base/jdk.internal.reflect.DelegatingMethodAccessorImpl.invoke(DelegatingMethodAccessorImpl.java:43)
at java.base/java.lang.reflect.Method.invoke(Method.java:567)
at org.testng.internal.MethodInvocationHelper.invokeMethod(MethodInvocationHelper.java:133)
at org.testng.internal.TestInvoker.invokeMethod(TestInvoker.java:598)
at org.testng.internal.TestInvoker.invokeTestMethod(TestInvoker.java:173)
at org.testng.internal.MethodRunner.runInSequence(MethodRunner.java:46)
at org.testng.internal.TestInvoker$MethodInvocationAgent.invoke(TestInvoker.java:824)
at org.testng.internal.TestInvoker.invokeTestMethods(TestInvoker.java:146)
at org.testng.internal.TestMethodWorker.invokeTestMethods(TestMethodWorker.java:146)
at org.testng.internal.TestMethodWorker.run(TestMethodWorker.java:128)
at java.base/java.util.ArrayList.forEach(ArrayList.java:1540)
at org.testng.TestRunner.privateRun(TestRunner.java:794)
at org.testng.TestRunner.run(TestRunner.java:596)
at org.testng.SuiteRunner.runTest(SuiteRunner.java:377)
at org.testng.SuiteRunner.runSequentially(SuiteRunner.java:371)
at org.testng.SuiteRunner.privateRun(SuiteRunner.java:332)
at org.testng.SuiteRunner.run(SuiteRunner.java:276)
at org.testng.SuiteRunnerWorker.runSuite(SuiteRunnerWorker.java:53)
at org.testng.SuiteRunnerWorker.run(SuiteRunnerWorker.java:96)
at org.testng.TestNG.runSuitesSequentially(TestNG.java:1212)
at org.testng.TestNG.runSuitesLocally(TestNG.java:1134)
at org.testng.TestNG.runSuites(TestNG.java:1063)
at org.testng.TestNG.run(TestNG.java:1031)
at org.testng.remote.AbstractRemoteTestNG.run(AbstractRemoteTestNG.java:115)
at org.testng.remote.RemoteTestNG.initAndRun(RemoteTestNG.java:251)
at org.testng.remote.RemoteTestNG.main(RemoteTestNG.java:77)
]]>
            </full-stacktrace>
          </exception> <!-- java.lang.ArithmeticException -->
          <reporter-output>
          </reporter-output>
        </test-method> <!-- getAttributeValue -->
        <test-method is-config="true" signature="tearDownafterMethodLevel()[pri:0, instance:testNG_basics.LaunchBrowserTest@48ae9b55]" started-at="2021-09-06T09:56:22 IST" name="tearDownafterMethodLevel" finished-at="2021-09-06T09:56:27 IST" duration-ms="4895" status="PASS">
          <reporter-output>
          </reporter-output>
        </test-method> <!-- tearDownafterMethodLevel -->
        <test-method is-config="true" signature="afterClassLevel()[pri:0, instance:testNG_basics.LaunchBrowserTest@48ae9b55]" started-at="2021-09-06T09:56:27 IST" name="afterClassLevel" finished-at="2021-09-06T09:56:27 IST" duration-ms="1" status="PASS">
          <reporter-output>
          </reporter-output>
        </test-method> <!-- afterClassLevel -->
        <test-method is-config="true" signature="afterTestLevel()[pri:0, instance:testNG_basics.LaunchBrowserTest@48ae9b55]" started-at="2021-09-06T09:56:27 IST" name="afterTestLevel" finished-at="2021-09-06T09:56:27 IST" duration-ms="1" status="PASS">
          <reporter-output>
          </reporter-output>
        </test-method> <!-- afterTestLevel -->
        <test-method is-config="true" signature="afterSuitLevel()[pri:0, instance:testNG_basics.LaunchBrowserTest@48ae9b55]" started-at="2021-09-06T09:56:27 IST" name="afterSuitLevel" finished-at="2021-09-06T09:56:27 IST" duration-ms="0" status="PASS">
          <reporter-output>
          </reporter-output>
        </test-method> <!-- afterSuitLevel -->
      </class> <!-- testNG_basics.LaunchBrowserTest -->
    </test> <!-- Listeners_Test -->
  </suite> <!-- Listeners_Suite -->
</testng-results>
